# JRE version: OpenJDK Runtime Environment (17.0+35) (build 17+35-2724)
# Java VM: OpenJDK 64-Bit Server VM (17+35-2724, mixed mode, sharing, tiered, compressed oops, compressed class ptrs, g1 gc, windows-amd64)
GC Precious Log:
 CPUs: 8 total, 8 available
 Memory: 16172M
 Large Page Support: Disabled
 NUMA Support: Disabled
 Compressed Oops: Enabled (Zero based)
 Heap Region Size: 2M
 Heap Min Capacity: 8M
 Heap Initial Capacity: 254M
 Heap Max Capacity: 4044M
 Pre-touch: Disabled
 Parallel Workers: 8
 Concurrent Workers: 2
 Concurrent Refinement Workers: 8
 Periodic GC: Disabled
Heap:
 garbage-first heap   total 260096K, used 58132K [0x0000000703400000, 0x0000000800000000)
  region size 2048K, 29 young (59392K), 6 survivors (12288K)
 Metaspace       used 20915K, committed 21120K, reserved 1073152K
  class space    used 2338K, committed 2432K, reserved 1048576K
GC Heap History (6 events):
Event: 1.868 GC heap before
{Heap before GC invocations=0 (full 0):
 garbage-first heap   total 260096K, used 22528K [0x0000000703400000, 0x0000000800000000)
  region size 2048K, 11 young (22528K), 0 survivors (0K)
 Metaspace       used 5814K, committed 6016K, reserved 1056768K
  class space    used 660K, committed 768K, reserved 1048576K
}
Event: 1.900 GC heap after
{Heap after GC invocations=1 (full 0):
 garbage-first heap   total 260096K, used 4160K [0x0000000703400000, 0x0000000800000000)
  region size 2048K, 2 young (4096K), 2 survivors (4096K)
 Metaspace       used 5814K, committed 6016K, reserved 1056768K
  class space    used 660K, committed 768K, reserved 1048576K
}
Event: 2.973 GC heap before
{Heap before GC invocations=1 (full 0):
 garbage-first heap   total 260096K, used 28736K [0x0000000703400000, 0x0000000800000000)
  region size 2048K, 15 young (30720K), 2 survivors (4096K)
 Metaspace       used 9614K, committed 9728K, reserved 1064960K
  class space    used 1148K, committed 1216K, reserved 1048576K
}
Event: 2.977 GC heap after
{Heap after GC invocations=2 (full 0):
 garbage-first heap   total 260096K, used 5699K [0x0000000703400000, 0x0000000800000000)
  region size 2048K, 1 young (2048K), 1 survivors (2048K)
 Metaspace       used 9614K, committed 9728K, reserved 1064960K
  class space    used 1148K, committed 1216K, reserved 1048576K
}
Event: 10.896 GC heap before
{Heap before GC invocations=2 (full 0):
 garbage-first heap   total 260096K, used 159299K [0x0000000703400000, 0x0000000800000000)
  region size 2048K, 76 young (155648K), 1 survivors (2048K)
 Metaspace       used 17108K, committed 17472K, reserved 1064960K
  class space    used 1883K, committed 2048K, reserved 1048576K
}
Event: 10.905 GC heap after
{Heap after GC invocations=3 (full 0):
 garbage-first heap   total 260096K, used 15124K [0x0000000703400000, 0x0000000800000000)
  region size 2048K, 6 young (12288K), 6 survivors (12288K)
 Metaspace       used 17108K, committed 17472K, reserved 1064960K
  class space    used 1883K, committed 2048K, reserved 1048576K
}

